<?xml version="1.0" encoding="UTF-8"?>
<!-- Generated by org.testng.reporters.JUnitXMLReporter -->
<testsuite hostname="OMI" ignored="0" name="Test" tests="1" failures="1" timestamp="19 Nov 2017 14:28:05 GMT" time="33.504" errors="0">
  <testcase name="tc_02" time="9.408" classname="com.w2a.architectbatch1.testCases.TestCase1">
    <failure type="java.lang.NullPointerException">
      <![CDATA[java.lang.NullPointerException
	at org.openqa.selenium.support.pagefactory.internal.LocatingElementHandler.invoke(LocatingElementHandler.java:51)
	at com.sun.proxy.$Proxy14.isDisplayed(Unknown Source)
	at org.openqa.selenium.support.ui.ExpectedConditions.elementIfVisible(ExpectedConditions.java:301)
	at org.openqa.selenium.support.ui.ExpectedConditions.access$100(ExpectedConditions.java:43)
	at org.openqa.selenium.support.ui.ExpectedConditions$10.apply(ExpectedConditions.java:287)
	at org.openqa.selenium.support.ui.ExpectedConditions$10.apply(ExpectedConditions.java:284)
	at org.openqa.selenium.support.ui.FluentWait.until(FluentWait.java:208)
	at com.w2a.architectbatch1.Pages.BasePage.waitForPageToLoad(BasePage.java:51)
	at com.w2a.architectbatch1.Pages.BasePage.openPage(BasePage.java:40)
	at com.w2a.architectbatch1.Pages.FacebookLandingPage.open(FacebookLandingPage.java:27)
	at com.w2a.architectbatch1.testCases.TestCase1.tc_02(TestCase1.java:36)
... Removed 32 stack frames]]>
    </failure>
  </testcase> <!-- tc_02 -->
</testsuite> <!-- Test -->
