-------------------------------------------------------------------------------
Test set: TestSuite
-------------------------------------------------------------------------------
Tests run: 1, Failures: 1, Errors: 0, Skipped: 0, Time elapsed: 36.084 sec <<< FAILURE! - in TestSuite
tc_02(com.w2a.architectbatch1.testCases.TestCase1)  Time elapsed: 9.424 sec  <<< FAILURE!
java.lang.NullPointerException
	at com.w2a.architectbatch1.testCases.TestCase1.tc_02(TestCase1.java:36)

