<?xml version="1.0" encoding="UTF-8"?>
<testng-results skipped="0" failed="0" ignored="0" total="1" passed="1">
  <reporter-output>
  </reporter-output>
  <suite name="Suite" duration-ms="36843" started-at="2017-11-17T15:55:54Z" finished-at="2017-11-17T15:56:31Z">
    <groups>
    </groups>
    <test name="Test" duration-ms="36843" started-at="2017-11-17T15:55:54Z" finished-at="2017-11-17T15:56:31Z">
      <class name="com.w2a.architectbatch1.testCases.TC03">
        <test-method status="PASS" signature="setUp()[pri:0, instance:com.w2a.architectbatch1.testCases.TC03@fa4c865]" name="setUp" is-config="true" duration-ms="313" started-at="2017-11-17T21:25:54Z" finished-at="2017-11-17T21:25:54Z">
          <reporter-output>
          </reporter-output>
        </test-method> <!-- setUp -->
        <test-method status="PASS" signature="beforeTest()[pri:0, instance:com.w2a.architectbatch1.testCases.TC03@fa4c865]" name="beforeTest" is-config="true" duration-ms="0" started-at="2017-11-17T21:25:54Z" finished-at="2017-11-17T21:25:54Z">
          <reporter-output>
          </reporter-output>
        </test-method> <!-- beforeTest -->
        <test-method status="PASS" signature="beforeClass()[pri:0, instance:com.w2a.architectbatch1.testCases.TC03@fa4c865]" name="beforeClass" is-config="true" duration-ms="15" started-at="2017-11-17T21:25:54Z" finished-at="2017-11-17T21:25:54Z">
          <reporter-output>
          </reporter-output>
        </test-method> <!-- beforeClass -->
        <test-method status="PASS" signature="beforeMethod(java.lang.reflect.Method)[pri:0, instance:com.w2a.architectbatch1.testCases.TC03@fa4c865]" name="beforeMethod" is-config="true" duration-ms="20815" started-at="2017-11-17T21:25:54Z" finished-at="2017-11-17T21:26:15Z">
          <params>
            <param index="0">
              <value>
                <![CDATA[public void com.w2a.architectbatch1.testCases.TC03.TC03()]]>
              </value>
            </param>
          </params>
          <reporter-output>
          </reporter-output>
        </test-method> <!-- beforeMethod -->
        <test-method status="PASS" signature="TC03()[pri:0, instance:com.w2a.architectbatch1.testCases.TC03@fa4c865]" name="TC03" duration-ms="14496" started-at="2017-11-17T21:26:15Z" finished-at="2017-11-17T21:26:30Z">
          <reporter-output>
          </reporter-output>
        </test-method> <!-- TC03 -->
        <test-method status="PASS" signature="afterMethod(org.testng.ITestResult)[pri:0, instance:com.w2a.architectbatch1.testCases.TC03@fa4c865]" name="afterMethod" is-config="true" duration-ms="904" started-at="2017-11-17T21:26:30Z" finished-at="2017-11-17T21:26:31Z">
          <params>
            <param index="0">
              <value>
                <![CDATA[[TestResult name=TC03 status=SUCCESS method=TC03.TC03()[pri:0, instance:com.w2a.architectbatch1.testCases.TC03@fa4c865] output={null}]]]>
              </value>
            </param>
          </params>
          <reporter-output>
          </reporter-output>
        </test-method> <!-- afterMethod -->
        <test-method status="PASS" signature="afterClass()[pri:0, instance:com.w2a.architectbatch1.testCases.TC03@fa4c865]" name="afterClass" is-config="true" duration-ms="0" started-at="2017-11-17T21:26:31Z" finished-at="2017-11-17T21:26:31Z">
          <reporter-output>
          </reporter-output>
        </test-method> <!-- afterClass -->
        <test-method status="PASS" signature="afterTest()[pri:0, instance:com.w2a.architectbatch1.testCases.TC03@fa4c865]" name="afterTest" is-config="true" duration-ms="0" started-at="2017-11-17T21:26:31Z" finished-at="2017-11-17T21:26:31Z">
          <reporter-output>
          </reporter-output>
        </test-method> <!-- afterTest -->
        <test-method status="PASS" signature="tearDown()[pri:0, instance:com.w2a.architectbatch1.testCases.TC03@fa4c865]" name="tearDown" is-config="true" duration-ms="0" started-at="2017-11-17T21:26:31Z" finished-at="2017-11-17T21:26:31Z">
          <reporter-output>
          </reporter-output>
        </test-method> <!-- tearDown -->
      </class> <!-- com.w2a.architectbatch1.testCases.TC03 -->
    </test> <!-- Test -->
  </suite> <!-- Suite -->
</testng-results>
